<?xml version="1.0" encoding="UTF-8"?>
<!-- Generated by org.testng.reporters.JUnitReportReporter -->
<testsuite skipped="0" hostname="192-168-1-4.tpgi.com.au" name="com.testingfoo.grid.FirstTest" tests="1" failures="0" timestamp="05 Aug 2019 05:31:54 GMT" time="28.129" errors="0">
  <testcase name="test" time="28.129" classname="com.testingfoo.grid.FirstTest"/>
</testsuite> <!-- com.testingfoo.grid.FirstTest -->
