<?xml version="1.0" encoding="UTF-8"?>
<!-- Generated by org.testng.reporters.JUnitReportReporter -->
<testsuite skipped="0" hostname="192-168-1-5.tpgi.com.au" name="com.testingfoo.grid.SignUpTest" tests="1" failures="0" timestamp="05 Aug 2019 11:40:18 GMT" time="43.171" errors="0">
  <testcase name="test" time="43.171" classname="com.testingfoo.grid.SignUpTest"/>
</testsuite> <!-- com.testingfoo.grid.SignUpTest -->
